  main.cpp
c:\users\isma_.desktop-ll4fe81\source\repos\lexit\lexit\main.cpp(41): warning C4838: conversion from 'double' to 'float' requires a narrowing conversion
c:\users\isma_.desktop-ll4fe81\source\repos\lexit\lexit\main.cpp(41): warning C4305: 'initializing': truncation from 'double' to 'float'
c:\users\isma_.desktop-ll4fe81\source\repos\lexit\lexit\main.cpp(54): warning C4244: 'argument': conversion from 'double' to 'GLfloat', possible loss of data
c:\users\isma_.desktop-ll4fe81\source\repos\lexit\lexit\main.cpp(55): warning C4244: 'argument': conversion from 'double' to 'GLfloat', possible loss of data
c:\users\isma_.desktop-ll4fe81\source\repos\lexit\lexit\main.cpp(56): warning C4244: 'argument': conversion from 'double' to 'GLfloat', possible loss of data
c:\users\isma_.desktop-ll4fe81\source\repos\lexit\lexit\main.cpp(62): warning C4305: 'argument': truncation from 'double' to 'GLfloat'
c:\users\isma_.desktop-ll4fe81\source\repos\lexit\lexit\main.cpp(63): warning C4305: 'argument': truncation from 'double' to 'GLfloat'
c:\users\isma_.desktop-ll4fe81\source\repos\lexit\lexit\main.cpp(64): warning C4305: 'argument': truncation from 'double' to 'GLfloat'
c:\users\isma_.desktop-ll4fe81\source\repos\lexit\lexit\main.cpp(65): warning C4305: 'argument': truncation from 'double' to 'GLfloat'
c:\users\isma_.desktop-ll4fe81\source\repos\lexit\lexit\main.cpp(72): warning C4305: 'argument': truncation from 'double' to 'GLfloat'
c:\users\isma_.desktop-ll4fe81\source\repos\lexit\lexit\main.cpp(73): warning C4305: 'argument': truncation from 'double' to 'GLfloat'
c:\users\isma_.desktop-ll4fe81\source\repos\lexit\lexit\main.cpp(74): warning C4305: 'argument': truncation from 'double' to 'GLfloat'
c:\users\isma_.desktop-ll4fe81\source\repos\lexit\lexit\main.cpp(75): warning C4305: 'argument': truncation from 'double' to 'GLfloat'
c:\users\isma_.desktop-ll4fe81\source\repos\lexit\lexit\main.cpp(81): warning C4305: 'argument': truncation from 'double' to 'GLfloat'
c:\users\isma_.desktop-ll4fe81\source\repos\lexit\lexit\main.cpp(82): warning C4305: 'argument': truncation from 'double' to 'GLfloat'
c:\users\isma_.desktop-ll4fe81\source\repos\lexit\lexit\main.cpp(83): warning C4305: 'argument': truncation from 'double' to 'GLfloat'
c:\users\isma_.desktop-ll4fe81\source\repos\lexit\lexit\main.cpp(84): warning C4305: 'argument': truncation from 'double' to 'GLfloat'
c:\users\isma_.desktop-ll4fe81\source\repos\lexit\lexit\main.cpp(90): warning C4305: 'argument': truncation from 'double' to 'GLfloat'
c:\users\isma_.desktop-ll4fe81\source\repos\lexit\lexit\main.cpp(91): warning C4305: 'argument': truncation from 'double' to 'GLfloat'
c:\users\isma_.desktop-ll4fe81\source\repos\lexit\lexit\main.cpp(92): warning C4305: 'argument': truncation from 'double' to 'GLfloat'
c:\users\isma_.desktop-ll4fe81\source\repos\lexit\lexit\main.cpp(93): warning C4305: 'argument': truncation from 'double' to 'GLfloat'
c:\users\isma_.desktop-ll4fe81\source\repos\lexit\lexit\main.cpp(99): warning C4305: 'argument': truncation from 'double' to 'GLfloat'
c:\users\isma_.desktop-ll4fe81\source\repos\lexit\lexit\main.cpp(100): warning C4305: 'argument': truncation from 'double' to 'GLfloat'
c:\users\isma_.desktop-ll4fe81\source\repos\lexit\lexit\main.cpp(101): warning C4305: 'argument': truncation from 'double' to 'GLfloat'
c:\users\isma_.desktop-ll4fe81\source\repos\lexit\lexit\main.cpp(102): warning C4305: 'argument': truncation from 'double' to 'GLfloat'
c:\users\isma_.desktop-ll4fe81\source\repos\lexit\lexit\main.cpp(116): warning C4305: 'argument': truncation from 'double' to 'GLfloat'
c:\users\isma_.desktop-ll4fe81\source\repos\lexit\lexit\main.cpp(117): warning C4305: 'argument': truncation from 'double' to 'GLfloat'
c:\users\isma_.desktop-ll4fe81\source\repos\lexit\lexit\main.cpp(118): warning C4305: 'argument': truncation from 'double' to 'GLfloat'
c:\users\isma_.desktop-ll4fe81\source\repos\lexit\lexit\main.cpp(119): warning C4305: 'argument': truncation from 'double' to 'GLfloat'
c:\users\isma_.desktop-ll4fe81\source\repos\lexit\lexit\main.cpp(126): warning C4305: 'argument': truncation from 'double' to 'GLfloat'
c:\users\isma_.desktop-ll4fe81\source\repos\lexit\lexit\main.cpp(127): warning C4305: 'argument': truncation from 'double' to 'GLfloat'
c:\users\isma_.desktop-ll4fe81\source\repos\lexit\lexit\main.cpp(128): warning C4305: 'argument': truncation from 'double' to 'GLfloat'
c:\users\isma_.desktop-ll4fe81\source\repos\lexit\lexit\main.cpp(129): warning C4305: 'argument': truncation from 'double' to 'GLfloat'
c:\users\isma_.desktop-ll4fe81\source\repos\lexit\lexit\main.cpp(136): warning C4305: 'argument': truncation from 'double' to 'GLfloat'
c:\users\isma_.desktop-ll4fe81\source\repos\lexit\lexit\main.cpp(137): warning C4305: 'argument': truncation from 'double' to 'GLfloat'
c:\users\isma_.desktop-ll4fe81\source\repos\lexit\lexit\main.cpp(138): warning C4305: 'argument': truncation from 'double' to 'GLfloat'
c:\users\isma_.desktop-ll4fe81\source\repos\lexit\lexit\main.cpp(139): warning C4305: 'argument': truncation from 'double' to 'GLfloat'
c:\users\isma_.desktop-ll4fe81\source\repos\lexit\lexit\main.cpp(145): warning C4305: 'argument': truncation from 'double' to 'GLfloat'
c:\users\isma_.desktop-ll4fe81\source\repos\lexit\lexit\main.cpp(146): warning C4305: 'argument': truncation from 'double' to 'GLfloat'
c:\users\isma_.desktop-ll4fe81\source\repos\lexit\lexit\main.cpp(147): warning C4305: 'argument': truncation from 'double' to 'GLfloat'
c:\users\isma_.desktop-ll4fe81\source\repos\lexit\lexit\main.cpp(148): warning C4305: 'argument': truncation from 'double' to 'GLfloat'
c:\users\isma_.desktop-ll4fe81\source\repos\lexit\lexit\main.cpp(153): warning C4305: 'argument': truncation from 'double' to 'GLfloat'
c:\users\isma_.desktop-ll4fe81\source\repos\lexit\lexit\main.cpp(154): warning C4305: 'argument': truncation from 'double' to 'GLfloat'
c:\users\isma_.desktop-ll4fe81\source\repos\lexit\lexit\main.cpp(155): warning C4305: 'argument': truncation from 'double' to 'GLfloat'
c:\users\isma_.desktop-ll4fe81\source\repos\lexit\lexit\main.cpp(156): warning C4305: 'argument': truncation from 'double' to 'GLfloat'
c:\users\isma_.desktop-ll4fe81\source\repos\lexit\lexit\main.cpp(162): warning C4305: 'argument': truncation from 'double' to 'GLfloat'
c:\users\isma_.desktop-ll4fe81\source\repos\lexit\lexit\main.cpp(163): warning C4305: 'argument': truncation from 'double' to 'GLfloat'
c:\users\isma_.desktop-ll4fe81\source\repos\lexit\lexit\main.cpp(164): warning C4305: 'argument': truncation from 'double' to 'GLfloat'
c:\users\isma_.desktop-ll4fe81\source\repos\lexit\lexit\main.cpp(165): warning C4305: 'argument': truncation from 'double' to 'GLfloat'
c:\users\isma_.desktop-ll4fe81\source\repos\lexit\lexit\main.cpp(172): warning C4305: 'argument': truncation from 'double' to 'GLfloat'
c:\users\isma_.desktop-ll4fe81\source\repos\lexit\lexit\main.cpp(173): warning C4305: 'argument': truncation from 'double' to 'GLfloat'
c:\users\isma_.desktop-ll4fe81\source\repos\lexit\lexit\main.cpp(174): warning C4305: 'argument': truncation from 'double' to 'GLfloat'
c:\users\isma_.desktop-ll4fe81\source\repos\lexit\lexit\main.cpp(175): warning C4305: 'argument': truncation from 'double' to 'GLfloat'
c:\users\isma_.desktop-ll4fe81\source\repos\lexit\lexit\main.cpp(182): warning C4305: 'argument': truncation from 'double' to 'GLfloat'
c:\users\isma_.desktop-ll4fe81\source\repos\lexit\lexit\main.cpp(183): warning C4305: 'argument': truncation from 'double' to 'GLfloat'
c:\users\isma_.desktop-ll4fe81\source\repos\lexit\lexit\main.cpp(184): warning C4305: 'argument': truncation from 'double' to 'GLfloat'
c:\users\isma_.desktop-ll4fe81\source\repos\lexit\lexit\main.cpp(185): warning C4305: 'argument': truncation from 'double' to 'GLfloat'
c:\users\isma_.desktop-ll4fe81\source\repos\lexit\lexit\main.cpp(191): warning C4305: 'argument': truncation from 'double' to 'GLfloat'
c:\users\isma_.desktop-ll4fe81\source\repos\lexit\lexit\main.cpp(192): warning C4305: 'argument': truncation from 'double' to 'GLfloat'
c:\users\isma_.desktop-ll4fe81\source\repos\lexit\lexit\main.cpp(193): warning C4305: 'argument': truncation from 'double' to 'GLfloat'
c:\users\isma_.desktop-ll4fe81\source\repos\lexit\lexit\main.cpp(194): warning C4305: 'argument': truncation from 'double' to 'GLfloat'
c:\users\isma_.desktop-ll4fe81\source\repos\lexit\lexit\main.cpp(199): warning C4305: 'argument': truncation from 'double' to 'GLfloat'
c:\users\isma_.desktop-ll4fe81\source\repos\lexit\lexit\main.cpp(200): warning C4305: 'argument': truncation from 'double' to 'GLfloat'
c:\users\isma_.desktop-ll4fe81\source\repos\lexit\lexit\main.cpp(201): warning C4305: 'argument': truncation from 'double' to 'GLfloat'
c:\users\isma_.desktop-ll4fe81\source\repos\lexit\lexit\main.cpp(202): warning C4305: 'argument': truncation from 'double' to 'GLfloat'
c:\users\isma_.desktop-ll4fe81\source\repos\lexit\lexit\main.cpp(208): warning C4305: 'argument': truncation from 'double' to 'GLfloat'
c:\users\isma_.desktop-ll4fe81\source\repos\lexit\lexit\main.cpp(209): warning C4305: 'argument': truncation from 'double' to 'GLfloat'
c:\users\isma_.desktop-ll4fe81\source\repos\lexit\lexit\main.cpp(210): warning C4305: 'argument': truncation from 'double' to 'GLfloat'
c:\users\isma_.desktop-ll4fe81\source\repos\lexit\lexit\main.cpp(211): warning C4305: 'argument': truncation from 'double' to 'GLfloat'
c:\users\isma_.desktop-ll4fe81\source\repos\lexit\lexit\main.cpp(218): warning C4305: 'argument': truncation from 'double' to 'GLfloat'
c:\users\isma_.desktop-ll4fe81\source\repos\lexit\lexit\main.cpp(219): warning C4305: 'argument': truncation from 'double' to 'GLfloat'
c:\users\isma_.desktop-ll4fe81\source\repos\lexit\lexit\main.cpp(220): warning C4305: 'argument': truncation from 'double' to 'GLfloat'
c:\users\isma_.desktop-ll4fe81\source\repos\lexit\lexit\main.cpp(221): warning C4305: 'argument': truncation from 'double' to 'GLfloat'
c:\users\isma_.desktop-ll4fe81\source\repos\lexit\lexit\main.cpp(228): warning C4305: 'argument': truncation from 'double' to 'GLfloat'
c:\users\isma_.desktop-ll4fe81\source\repos\lexit\lexit\main.cpp(229): warning C4305: 'argument': truncation from 'double' to 'GLfloat'
c:\users\isma_.desktop-ll4fe81\source\repos\lexit\lexit\main.cpp(230): warning C4305: 'argument': truncation from 'double' to 'GLfloat'
c:\users\isma_.desktop-ll4fe81\source\repos\lexit\lexit\main.cpp(231): warning C4305: 'argument': truncation from 'double' to 'GLfloat'
c:\users\isma_.desktop-ll4fe81\source\repos\lexit\lexit\main.cpp(237): warning C4305: 'argument': truncation from 'double' to 'GLfloat'
c:\users\isma_.desktop-ll4fe81\source\repos\lexit\lexit\main.cpp(238): warning C4305: 'argument': truncation from 'double' to 'GLfloat'
c:\users\isma_.desktop-ll4fe81\source\repos\lexit\lexit\main.cpp(239): warning C4305: 'argument': truncation from 'double' to 'GLfloat'
c:\users\isma_.desktop-ll4fe81\source\repos\lexit\lexit\main.cpp(240): warning C4305: 'argument': truncation from 'double' to 'GLfloat'
c:\users\isma_.desktop-ll4fe81\source\repos\lexit\lexit\main.cpp(245): warning C4305: 'argument': truncation from 'double' to 'GLfloat'
c:\users\isma_.desktop-ll4fe81\source\repos\lexit\lexit\main.cpp(246): warning C4305: 'argument': truncation from 'double' to 'GLfloat'
c:\users\isma_.desktop-ll4fe81\source\repos\lexit\lexit\main.cpp(247): warning C4305: 'argument': truncation from 'double' to 'GLfloat'
c:\users\isma_.desktop-ll4fe81\source\repos\lexit\lexit\main.cpp(248): warning C4305: 'argument': truncation from 'double' to 'GLfloat'
c:\users\isma_.desktop-ll4fe81\source\repos\lexit\lexit\main.cpp(254): warning C4305: 'argument': truncation from 'double' to 'GLfloat'
c:\users\isma_.desktop-ll4fe81\source\repos\lexit\lexit\main.cpp(255): warning C4305: 'argument': truncation from 'double' to 'GLfloat'
c:\users\isma_.desktop-ll4fe81\source\repos\lexit\lexit\main.cpp(256): warning C4305: 'argument': truncation from 'double' to 'GLfloat'
c:\users\isma_.desktop-ll4fe81\source\repos\lexit\lexit\main.cpp(257): warning C4305: 'argument': truncation from 'double' to 'GLfloat'
c:\users\isma_.desktop-ll4fe81\source\repos\lexit\lexit\main.cpp(264): warning C4305: 'argument': truncation from 'double' to 'GLfloat'
c:\users\isma_.desktop-ll4fe81\source\repos\lexit\lexit\main.cpp(265): warning C4305: 'argument': truncation from 'double' to 'GLfloat'
c:\users\isma_.desktop-ll4fe81\source\repos\lexit\lexit\main.cpp(266): warning C4305: 'argument': truncation from 'double' to 'GLfloat'
c:\users\isma_.desktop-ll4fe81\source\repos\lexit\lexit\main.cpp(274): warning C4305: 'argument': truncation from 'double' to 'GLfloat'
c:\users\isma_.desktop-ll4fe81\source\repos\lexit\lexit\main.cpp(275): warning C4305: 'argument': truncation from 'double' to 'GLfloat'
c:\users\isma_.desktop-ll4fe81\source\repos\lexit\lexit\main.cpp(276): warning C4305: 'argument': truncation from 'double' to 'GLfloat'
c:\users\isma_.desktop-ll4fe81\source\repos\lexit\lexit\main.cpp(277): warning C4305: 'argument': truncation from 'double' to 'GLfloat'
c:\users\isma_.desktop-ll4fe81\source\repos\lexit\lexit\main.cpp(283): warning C4305: 'argument': truncation from 'double' to 'GLfloat'
c:\users\isma_.desktop-ll4fe81\source\repos\lexit\lexit\main.cpp(284): warning C4305: 'argument': truncation from 'double' to 'GLfloat'
c:\users\isma_.desktop-ll4fe81\source\repos\lexit\lexit\main.cpp(285): warning C4305: 'argument': truncation from 'double' to 'GLfloat'
c:\users\isma_.desktop-ll4fe81\source\repos\lexit\lexit\main.cpp(286): warning C4305: 'argument': truncation from 'double' to 'GLfloat'
c:\users\isma_.desktop-ll4fe81\source\repos\lexit\lexit\main.cpp(292): warning C4305: 'argument': truncation from 'double' to 'GLfloat'
c:\users\isma_.desktop-ll4fe81\source\repos\lexit\lexit\main.cpp(293): warning C4305: 'argument': truncation from 'double' to 'GLfloat'
c:\users\isma_.desktop-ll4fe81\source\repos\lexit\lexit\main.cpp(294): warning C4305: 'argument': truncation from 'double' to 'GLfloat'
c:\users\isma_.desktop-ll4fe81\source\repos\lexit\lexit\main.cpp(300): warning C4305: 'argument': truncation from 'double' to 'GLfloat'
c:\users\isma_.desktop-ll4fe81\source\repos\lexit\lexit\main.cpp(301): warning C4305: 'argument': truncation from 'double' to 'GLfloat'
c:\users\isma_.desktop-ll4fe81\source\repos\lexit\lexit\main.cpp(302): warning C4305: 'argument': truncation from 'double' to 'GLfloat'
c:\users\isma_.desktop-ll4fe81\source\repos\lexit\lexit\main.cpp(303): warning C4305: 'argument': truncation from 'double' to 'GLfloat'
c:\users\isma_.desktop-ll4fe81\source\repos\lexit\lexit\main.cpp(310): warning C4305: 'argument': truncation from 'double' to 'GLfloat'
c:\users\isma_.desktop-ll4fe81\source\repos\lexit\lexit\main.cpp(311): warning C4305: 'argument': truncation from 'double' to 'GLfloat'
c:\users\isma_.desktop-ll4fe81\source\repos\lexit\lexit\main.cpp(312): warning C4305: 'argument': truncation from 'double' to 'GLfloat'
c:\users\isma_.desktop-ll4fe81\source\repos\lexit\lexit\main.cpp(313): warning C4305: 'argument': truncation from 'double' to 'GLfloat'
c:\users\isma_.desktop-ll4fe81\source\repos\lexit\lexit\main.cpp(320): warning C4305: 'argument': truncation from 'double' to 'GLfloat'
c:\users\isma_.desktop-ll4fe81\source\repos\lexit\lexit\main.cpp(321): warning C4305: 'argument': truncation from 'double' to 'GLfloat'
c:\users\isma_.desktop-ll4fe81\source\repos\lexit\lexit\main.cpp(322): warning C4305: 'argument': truncation from 'double' to 'GLfloat'
c:\users\isma_.desktop-ll4fe81\source\repos\lexit\lexit\main.cpp(323): warning C4305: 'argument': truncation from 'double' to 'GLfloat'
c:\users\isma_.desktop-ll4fe81\source\repos\lexit\lexit\main.cpp(329): warning C4305: 'argument': truncation from 'double' to 'GLfloat'
c:\users\isma_.desktop-ll4fe81\source\repos\lexit\lexit\main.cpp(330): warning C4305: 'argument': truncation from 'double' to 'GLfloat'
c:\users\isma_.desktop-ll4fe81\source\repos\lexit\lexit\main.cpp(331): warning C4305: 'argument': truncation from 'double' to 'GLfloat'
c:\users\isma_.desktop-ll4fe81\source\repos\lexit\lexit\main.cpp(332): warning C4305: 'argument': truncation from 'double' to 'GLfloat'
c:\users\isma_.desktop-ll4fe81\source\repos\lexit\lexit\main.cpp(337): warning C4305: 'argument': truncation from 'double' to 'GLfloat'
c:\users\isma_.desktop-ll4fe81\source\repos\lexit\lexit\main.cpp(338): warning C4305: 'argument': truncation from 'double' to 'GLfloat'
c:\users\isma_.desktop-ll4fe81\source\repos\lexit\lexit\main.cpp(339): warning C4305: 'argument': truncation from 'double' to 'GLfloat'
c:\users\isma_.desktop-ll4fe81\source\repos\lexit\lexit\main.cpp(340): warning C4305: 'argument': truncation from 'double' to 'GLfloat'
c:\users\isma_.desktop-ll4fe81\source\repos\lexit\lexit\main.cpp(346): warning C4305: 'argument': truncation from 'double' to 'GLfloat'
c:\users\isma_.desktop-ll4fe81\source\repos\lexit\lexit\main.cpp(347): warning C4305: 'argument': truncation from 'double' to 'GLfloat'
c:\users\isma_.desktop-ll4fe81\source\repos\lexit\lexit\main.cpp(348): warning C4305: 'argument': truncation from 'double' to 'GLfloat'
c:\users\isma_.desktop-ll4fe81\source\repos\lexit\lexit\main.cpp(349): warning C4305: 'argument': truncation from 'double' to 'GLfloat'
c:\users\isma_.desktop-ll4fe81\source\repos\lexit\lexit\main.cpp(356): warning C4305: 'argument': truncation from 'double' to 'GLfloat'
c:\users\isma_.desktop-ll4fe81\source\repos\lexit\lexit\main.cpp(357): warning C4305: 'argument': truncation from 'double' to 'GLfloat'
c:\users\isma_.desktop-ll4fe81\source\repos\lexit\lexit\main.cpp(358): warning C4305: 'argument': truncation from 'double' to 'GLfloat'
c:\users\isma_.desktop-ll4fe81\source\repos\lexit\lexit\main.cpp(359): warning C4305: 'argument': truncation from 'double' to 'GLfloat'
c:\users\isma_.desktop-ll4fe81\source\repos\lexit\lexit\main.cpp(366): warning C4305: 'argument': truncation from 'double' to 'GLfloat'
c:\users\isma_.desktop-ll4fe81\source\repos\lexit\lexit\main.cpp(367): warning C4305: 'argument': truncation from 'double' to 'GLfloat'
c:\users\isma_.desktop-ll4fe81\source\repos\lexit\lexit\main.cpp(368): warning C4305: 'argument': truncation from 'double' to 'GLfloat'
c:\users\isma_.desktop-ll4fe81\source\repos\lexit\lexit\main.cpp(369): warning C4305: 'argument': truncation from 'double' to 'GLfloat'
c:\users\isma_.desktop-ll4fe81\source\repos\lexit\lexit\main.cpp(375): warning C4305: 'argument': truncation from 'double' to 'GLfloat'
c:\users\isma_.desktop-ll4fe81\source\repos\lexit\lexit\main.cpp(376): warning C4305: 'argument': truncation from 'double' to 'GLfloat'
c:\users\isma_.desktop-ll4fe81\source\repos\lexit\lexit\main.cpp(377): warning C4305: 'argument': truncation from 'double' to 'GLfloat'
c:\users\isma_.desktop-ll4fe81\source\repos\lexit\lexit\main.cpp(378): warning C4305: 'argument': truncation from 'double' to 'GLfloat'
c:\users\isma_.desktop-ll4fe81\source\repos\lexit\lexit\main.cpp(383): warning C4305: 'argument': truncation from 'double' to 'GLfloat'
c:\users\isma_.desktop-ll4fe81\source\repos\lexit\lexit\main.cpp(384): warning C4305: 'argument': truncation from 'double' to 'GLfloat'
c:\users\isma_.desktop-ll4fe81\source\repos\lexit\lexit\main.cpp(385): warning C4305: 'argument': truncation from 'double' to 'GLfloat'
c:\users\isma_.desktop-ll4fe81\source\repos\lexit\lexit\main.cpp(386): warning C4305: 'argument': truncation from 'double' to 'GLfloat'
c:\users\isma_.desktop-ll4fe81\source\repos\lexit\lexit\main.cpp(392): warning C4305: 'argument': truncation from 'double' to 'GLfloat'
c:\users\isma_.desktop-ll4fe81\source\repos\lexit\lexit\main.cpp(393): warning C4305: 'argument': truncation from 'double' to 'GLfloat'
c:\users\isma_.desktop-ll4fe81\source\repos\lexit\lexit\main.cpp(394): warning C4305: 'argument': truncation from 'double' to 'GLfloat'
c:\users\isma_.desktop-ll4fe81\source\repos\lexit\lexit\main.cpp(395): warning C4305: 'argument': truncation from 'double' to 'GLfloat'
c:\users\isma_.desktop-ll4fe81\source\repos\lexit\lexit\main.cpp(402): warning C4305: 'argument': truncation from 'double' to 'GLfloat'
c:\users\isma_.desktop-ll4fe81\source\repos\lexit\lexit\main.cpp(403): warning C4305: 'argument': truncation from 'double' to 'GLfloat'
c:\users\isma_.desktop-ll4fe81\source\repos\lexit\lexit\main.cpp(404): warning C4305: 'argument': truncation from 'double' to 'GLfloat'
c:\users\isma_.desktop-ll4fe81\source\repos\lexit\lexit\main.cpp(405): warning C4305: 'argument': truncation from 'double' to 'GLfloat'
c:\users\isma_.desktop-ll4fe81\source\repos\lexit\lexit\main.cpp(412): warning C4305: 'argument': truncation from 'double' to 'GLfloat'
c:\users\isma_.desktop-ll4fe81\source\repos\lexit\lexit\main.cpp(413): warning C4305: 'argument': truncation from 'double' to 'GLfloat'
c:\users\isma_.desktop-ll4fe81\source\repos\lexit\lexit\main.cpp(414): warning C4305: 'argument': truncation from 'double' to 'GLfloat'
c:\users\isma_.desktop-ll4fe81\source\repos\lexit\lexit\main.cpp(421): warning C4305: 'argument': truncation from 'double' to 'GLfloat'
c:\users\isma_.desktop-ll4fe81\source\repos\lexit\lexit\main.cpp(422): warning C4305: 'argument': truncation from 'double' to 'GLfloat'
c:\users\isma_.desktop-ll4fe81\source\repos\lexit\lexit\main.cpp(423): warning C4305: 'argument': truncation from 'double' to 'GLfloat'
c:\users\isma_.desktop-ll4fe81\source\repos\lexit\lexit\main.cpp(424): warning C4305: 'argument': truncation from 'double' to 'GLfloat'
c:\users\isma_.desktop-ll4fe81\source\repos\lexit\lexit\main.cpp(429): warning C4305: 'argument': truncation from 'double' to 'GLfloat'
c:\users\isma_.desktop-ll4fe81\source\repos\lexit\lexit\main.cpp(430): warning C4305: 'argument': truncation from 'double' to 'GLfloat'
c:\users\isma_.desktop-ll4fe81\source\repos\lexit\lexit\main.cpp(431): warning C4305: 'argument': truncation from 'double' to 'GLfloat'
c:\users\isma_.desktop-ll4fe81\source\repos\lexit\lexit\main.cpp(438): warning C4305: 'argument': truncation from 'double' to 'GLfloat'
c:\users\isma_.desktop-ll4fe81\source\repos\lexit\lexit\main.cpp(439): warning C4305: 'argument': truncation from 'double' to 'GLfloat'
c:\users\isma_.desktop-ll4fe81\source\repos\lexit\lexit\main.cpp(440): warning C4305: 'argument': truncation from 'double' to 'GLfloat'
c:\users\isma_.desktop-ll4fe81\source\repos\lexit\lexit\main.cpp(441): warning C4305: 'argument': truncation from 'double' to 'GLfloat'
c:\users\isma_.desktop-ll4fe81\source\repos\lexit\lexit\main.cpp(448): warning C4305: 'argument': truncation from 'double' to 'GLfloat'
c:\users\isma_.desktop-ll4fe81\source\repos\lexit\lexit\main.cpp(449): warning C4305: 'argument': truncation from 'double' to 'GLfloat'
c:\users\isma_.desktop-ll4fe81\source\repos\lexit\lexit\main.cpp(450): warning C4305: 'argument': truncation from 'double' to 'GLfloat'
c:\users\isma_.desktop-ll4fe81\source\repos\lexit\lexit\main.cpp(451): warning C4305: 'argument': truncation from 'double' to 'GLfloat'
c:\users\isma_.desktop-ll4fe81\source\repos\lexit\lexit\main.cpp(458): warning C4305: 'argument': truncation from 'double' to 'GLfloat'
c:\users\isma_.desktop-ll4fe81\source\repos\lexit\lexit\main.cpp(459): warning C4305: 'argument': truncation from 'double' to 'GLfloat'
c:\users\isma_.desktop-ll4fe81\source\repos\lexit\lexit\main.cpp(460): warning C4305: 'argument': truncation from 'double' to 'GLfloat'
c:\users\isma_.desktop-ll4fe81\source\repos\lexit\lexit\main.cpp(468): warning C4305: 'argument': truncation from 'double' to 'GLfloat'
c:\users\isma_.desktop-ll4fe81\source\repos\lexit\lexit\main.cpp(469): warning C4305: 'argument': truncation from 'double' to 'GLfloat'
c:\users\isma_.desktop-ll4fe81\source\repos\lexit\lexit\main.cpp(470): warning C4305: 'argument': truncation from 'double' to 'GLfloat'
c:\users\isma_.desktop-ll4fe81\source\repos\lexit\lexit\main.cpp(475): warning C4305: 'argument': truncation from 'double' to 'GLfloat'
c:\users\isma_.desktop-ll4fe81\source\repos\lexit\lexit\main.cpp(476): warning C4305: 'argument': truncation from 'double' to 'GLfloat'
c:\users\isma_.desktop-ll4fe81\source\repos\lexit\lexit\main.cpp(477): warning C4305: 'argument': truncation from 'double' to 'GLfloat'
c:\users\isma_.desktop-ll4fe81\source\repos\lexit\lexit\main.cpp(478): warning C4305: 'argument': truncation from 'double' to 'GLfloat'
c:\users\isma_.desktop-ll4fe81\source\repos\lexit\lexit\main.cpp(484): warning C4305: 'argument': truncation from 'double' to 'GLfloat'
c:\users\isma_.desktop-ll4fe81\source\repos\lexit\lexit\main.cpp(485): warning C4305: 'argument': truncation from 'double' to 'GLfloat'
c:\users\isma_.desktop-ll4fe81\source\repos\lexit\lexit\main.cpp(486): warning C4305: 'argument': truncation from 'double' to 'GLfloat'
c:\users\isma_.desktop-ll4fe81\source\repos\lexit\lexit\main.cpp(487): warning C4305: 'argument': truncation from 'double' to 'GLfloat'
c:\users\isma_.desktop-ll4fe81\source\repos\lexit\lexit\main.cpp(494): warning C4305: 'argument': truncation from 'double' to 'GLfloat'
c:\users\isma_.desktop-ll4fe81\source\repos\lexit\lexit\main.cpp(495): warning C4305: 'argument': truncation from 'double' to 'GLfloat'
c:\users\isma_.desktop-ll4fe81\source\repos\lexit\lexit\main.cpp(496): warning C4305: 'argument': truncation from 'double' to 'GLfloat'
c:\users\isma_.desktop-ll4fe81\source\repos\lexit\lexit\main.cpp(497): warning C4305: 'argument': truncation from 'double' to 'GLfloat'
c:\users\isma_.desktop-ll4fe81\source\repos\lexit\lexit\main.cpp(504): warning C4305: 'argument': truncation from 'double' to 'GLfloat'
c:\users\isma_.desktop-ll4fe81\source\repos\lexit\lexit\main.cpp(505): warning C4305: 'argument': truncation from 'double' to 'GLfloat'
c:\users\isma_.desktop-ll4fe81\source\repos\lexit\lexit\main.cpp(506): warning C4305: 'argument': truncation from 'double' to 'GLfloat'
c:\users\isma_.desktop-ll4fe81\source\repos\lexit\lexit\main.cpp(507): warning C4305: 'argument': truncation from 'double' to 'GLfloat'
c:\users\isma_.desktop-ll4fe81\source\repos\lexit\lexit\main.cpp(513): warning C4305: 'argument': truncation from 'double' to 'GLfloat'
c:\users\isma_.desktop-ll4fe81\source\repos\lexit\lexit\main.cpp(514): warning C4305: 'argument': truncation from 'double' to 'GLfloat'
c:\users\isma_.desktop-ll4fe81\source\repos\lexit\lexit\main.cpp(515): warning C4305: 'argument': truncation from 'double' to 'GLfloat'
c:\users\isma_.desktop-ll4fe81\source\repos\lexit\lexit\main.cpp(516): warning C4305: 'argument': truncation from 'double' to 'GLfloat'
c:\users\isma_.desktop-ll4fe81\source\repos\lexit\lexit\main.cpp(521): warning C4305: 'argument': truncation from 'double' to 'GLfloat'
c:\users\isma_.desktop-ll4fe81\source\repos\lexit\lexit\main.cpp(522): warning C4305: 'argument': truncation from 'double' to 'GLfloat'
c:\users\isma_.desktop-ll4fe81\source\repos\lexit\lexit\main.cpp(523): warning C4305: 'argument': truncation from 'double' to 'GLfloat'
c:\users\isma_.desktop-ll4fe81\source\repos\lexit\lexit\main.cpp(524): warning C4305: 'argument': truncation from 'double' to 'GLfloat'
c:\users\isma_.desktop-ll4fe81\source\repos\lexit\lexit\main.cpp(530): warning C4305: 'argument': truncation from 'double' to 'GLfloat'
c:\users\isma_.desktop-ll4fe81\source\repos\lexit\lexit\main.cpp(531): warning C4305: 'argument': truncation from 'double' to 'GLfloat'
c:\users\isma_.desktop-ll4fe81\source\repos\lexit\lexit\main.cpp(532): warning C4305: 'argument': truncation from 'double' to 'GLfloat'
c:\users\isma_.desktop-ll4fe81\source\repos\lexit\lexit\main.cpp(533): warning C4305: 'argument': truncation from 'double' to 'GLfloat'
c:\users\isma_.desktop-ll4fe81\source\repos\lexit\lexit\main.cpp(540): warning C4305: 'argument': truncation from 'double' to 'GLfloat'
c:\users\isma_.desktop-ll4fe81\source\repos\lexit\lexit\main.cpp(541): warning C4305: 'argument': truncation from 'double' to 'GLfloat'
c:\users\isma_.desktop-ll4fe81\source\repos\lexit\lexit\main.cpp(542): warning C4305: 'argument': truncation from 'double' to 'GLfloat'
c:\users\isma_.desktop-ll4fe81\source\repos\lexit\lexit\main.cpp(543): warning C4305: 'argument': truncation from 'double' to 'GLfloat'
c:\users\isma_.desktop-ll4fe81\source\repos\lexit\lexit\main.cpp(550): warning C4305: 'argument': truncation from 'double' to 'GLfloat'
c:\users\isma_.desktop-ll4fe81\source\repos\lexit\lexit\main.cpp(551): warning C4305: 'argument': truncation from 'double' to 'GLfloat'
c:\users\isma_.desktop-ll4fe81\source\repos\lexit\lexit\main.cpp(552): warning C4305: 'argument': truncation from 'double' to 'GLfloat'
c:\users\isma_.desktop-ll4fe81\source\repos\lexit\lexit\main.cpp(553): warning C4305: 'argument': truncation from 'double' to 'GLfloat'
c:\users\isma_.desktop-ll4fe81\source\repos\lexit\lexit\main.cpp(559): warning C4305: 'argument': truncation from 'double' to 'GLfloat'
c:\users\isma_.desktop-ll4fe81\source\repos\lexit\lexit\main.cpp(560): warning C4305: 'argument': truncation from 'double' to 'GLfloat'
c:\users\isma_.desktop-ll4fe81\source\repos\lexit\lexit\main.cpp(561): warning C4305: 'argument': truncation from 'double' to 'GLfloat'
c:\users\isma_.desktop-ll4fe81\source\repos\lexit\lexit\main.cpp(562): warning C4305: 'argument': truncation from 'double' to 'GLfloat'
c:\users\isma_.desktop-ll4fe81\source\repos\lexit\lexit\main.cpp(567): warning C4305: 'argument': truncation from 'double' to 'GLfloat'
c:\users\isma_.desktop-ll4fe81\source\repos\lexit\lexit\main.cpp(568): warning C4305: 'argument': truncation from 'double' to 'GLfloat'
c:\users\isma_.desktop-ll4fe81\source\repos\lexit\lexit\main.cpp(569): warning C4305: 'argument': truncation from 'double' to 'GLfloat'
c:\users\isma_.desktop-ll4fe81\source\repos\lexit\lexit\main.cpp(570): warning C4305: 'argument': truncation from 'double' to 'GLfloat'
c:\users\isma_.desktop-ll4fe81\source\repos\lexit\lexit\main.cpp(576): warning C4305: 'argument': truncation from 'double' to 'GLfloat'
c:\users\isma_.desktop-ll4fe81\source\repos\lexit\lexit\main.cpp(577): warning C4305: 'argument': truncation from 'double' to 'GLfloat'
c:\users\isma_.desktop-ll4fe81\source\repos\lexit\lexit\main.cpp(578): warning C4305: 'argument': truncation from 'double' to 'GLfloat'
c:\users\isma_.desktop-ll4fe81\source\repos\lexit\lexit\main.cpp(579): warning C4305: 'argument': truncation from 'double' to 'GLfloat'
c:\users\isma_.desktop-ll4fe81\source\repos\lexit\lexit\main.cpp(586): warning C4305: 'argument': truncation from 'double' to 'GLfloat'
c:\users\isma_.desktop-ll4fe81\source\repos\lexit\lexit\main.cpp(587): warning C4305: 'argument': truncation from 'double' to 'GLfloat'
c:\users\isma_.desktop-ll4fe81\source\repos\lexit\lexit\main.cpp(588): warning C4305: 'argument': truncation from 'double' to 'GLfloat'
c:\users\isma_.desktop-ll4fe81\source\repos\lexit\lexit\main.cpp(589): warning C4305: 'argument': truncation from 'double' to 'GLfloat'
c:\users\isma_.desktop-ll4fe81\source\repos\lexit\lexit\main.cpp(596): warning C4305: 'argument': truncation from 'double' to 'GLfloat'
c:\users\isma_.desktop-ll4fe81\source\repos\lexit\lexit\main.cpp(597): warning C4305: 'argument': truncation from 'double' to 'GLfloat'
c:\users\isma_.desktop-ll4fe81\source\repos\lexit\lexit\main.cpp(598): warning C4305: 'argument': truncation from 'double' to 'GLfloat'
c:\users\isma_.desktop-ll4fe81\source\repos\lexit\lexit\main.cpp(599): warning C4305: 'argument': truncation from 'double' to 'GLfloat'
c:\users\isma_.desktop-ll4fe81\source\repos\lexit\lexit\main.cpp(605): warning C4305: 'argument': truncation from 'double' to 'GLfloat'
c:\users\isma_.desktop-ll4fe81\source\repos\lexit\lexit\main.cpp(606): warning C4305: 'argument': truncation from 'double' to 'GLfloat'
c:\users\isma_.desktop-ll4fe81\source\repos\lexit\lexit\main.cpp(607): warning C4305: 'argument': truncation from 'double' to 'GLfloat'
c:\users\isma_.desktop-ll4fe81\source\repos\lexit\lexit\main.cpp(608): warning C4305: 'argument': truncation from 'double' to 'GLfloat'
c:\users\isma_.desktop-ll4fe81\source\repos\lexit\lexit\main.cpp(613): warning C4305: 'argument': truncation from 'double' to 'GLfloat'
c:\users\isma_.desktop-ll4fe81\source\repos\lexit\lexit\main.cpp(614): warning C4305: 'argument': truncation from 'double' to 'GLfloat'
c:\users\isma_.desktop-ll4fe81\source\repos\lexit\lexit\main.cpp(615): warning C4305: 'argument': truncation from 'double' to 'GLfloat'
c:\users\isma_.desktop-ll4fe81\source\repos\lexit\lexit\main.cpp(616): warning C4305: 'argument': truncation from 'double' to 'GLfloat'
c:\users\isma_.desktop-ll4fe81\source\repos\lexit\lexit\main.cpp(622): warning C4305: 'argument': truncation from 'double' to 'GLfloat'
c:\users\isma_.desktop-ll4fe81\source\repos\lexit\lexit\main.cpp(623): warning C4305: 'argument': truncation from 'double' to 'GLfloat'
c:\users\isma_.desktop-ll4fe81\source\repos\lexit\lexit\main.cpp(624): warning C4305: 'argument': truncation from 'double' to 'GLfloat'
c:\users\isma_.desktop-ll4fe81\source\repos\lexit\lexit\main.cpp(625): warning C4305: 'argument': truncation from 'double' to 'GLfloat'
c:\users\isma_.desktop-ll4fe81\source\repos\lexit\lexit\main.cpp(632): warning C4305: 'argument': truncation from 'double' to 'GLfloat'
c:\users\isma_.desktop-ll4fe81\source\repos\lexit\lexit\main.cpp(633): warning C4305: 'argument': truncation from 'double' to 'GLfloat'
c:\users\isma_.desktop-ll4fe81\source\repos\lexit\lexit\main.cpp(634): warning C4305: 'argument': truncation from 'double' to 'GLfloat'
c:\users\isma_.desktop-ll4fe81\source\repos\lexit\lexit\main.cpp(635): warning C4305: 'argument': truncation from 'double' to 'GLfloat'
c:\users\isma_.desktop-ll4fe81\source\repos\lexit\lexit\main.cpp(642): warning C4305: 'argument': truncation from 'double' to 'GLfloat'
c:\users\isma_.desktop-ll4fe81\source\repos\lexit\lexit\main.cpp(643): warning C4305: 'argument': truncation from 'double' to 'GLfloat'
c:\users\isma_.desktop-ll4fe81\source\repos\lexit\lexit\main.cpp(644): warning C4305: 'argument': truncation from 'double' to 'GLfloat'
c:\users\isma_.desktop-ll4fe81\source\repos\lexit\lexit\main.cpp(645): warning C4305: 'argument': truncation from 'double' to 'GLfloat'
c:\users\isma_.desktop-ll4fe81\source\repos\lexit\lexit\main.cpp(651): warning C4305: 'argument': truncation from 'double' to 'GLfloat'
c:\users\isma_.desktop-ll4fe81\source\repos\lexit\lexit\main.cpp(652): warning C4305: 'argument': truncation from 'double' to 'GLfloat'
c:\users\isma_.desktop-ll4fe81\source\repos\lexit\lexit\main.cpp(653): warning C4305: 'argument': truncation from 'double' to 'GLfloat'
c:\users\isma_.desktop-ll4fe81\source\repos\lexit\lexit\main.cpp(654): warning C4305: 'argument': truncation from 'double' to 'GLfloat'
c:\users\isma_.desktop-ll4fe81\source\repos\lexit\lexit\main.cpp(659): warning C4305: 'argument': truncation from 'double' to 'GLfloat'
c:\users\isma_.desktop-ll4fe81\source\repos\lexit\lexit\main.cpp(660): warning C4305: 'argument': truncation from 'double' to 'GLfloat'
c:\users\isma_.desktop-ll4fe81\source\repos\lexit\lexit\main.cpp(661): warning C4305: 'argument': truncation from 'double' to 'GLfloat'
c:\users\isma_.desktop-ll4fe81\source\repos\lexit\lexit\main.cpp(662): warning C4305: 'argument': truncation from 'double' to 'GLfloat'
c:\users\isma_.desktop-ll4fe81\source\repos\lexit\lexit\main.cpp(668): warning C4305: 'argument': truncation from 'double' to 'GLfloat'
c:\users\isma_.desktop-ll4fe81\source\repos\lexit\lexit\main.cpp(669): warning C4305: 'argument': truncation from 'double' to 'GLfloat'
c:\users\isma_.desktop-ll4fe81\source\repos\lexit\lexit\main.cpp(670): warning C4305: 'argument': truncation from 'double' to 'GLfloat'
c:\users\isma_.desktop-ll4fe81\source\repos\lexit\lexit\main.cpp(671): warning C4305: 'argument': truncation from 'double' to 'GLfloat'
c:\users\isma_.desktop-ll4fe81\source\repos\lexit\lexit\main.cpp(678): warning C4305: 'argument': truncation from 'double' to 'GLfloat'
c:\users\isma_.desktop-ll4fe81\source\repos\lexit\lexit\main.cpp(679): warning C4305: 'argument': truncation from 'double' to 'GLfloat'
c:\users\isma_.desktop-ll4fe81\source\repos\lexit\lexit\main.cpp(680): warning C4305: 'argument': truncation from 'double' to 'GLfloat'
c:\users\isma_.desktop-ll4fe81\source\repos\lexit\lexit\main.cpp(681): warning C4305: 'argument': truncation from 'double' to 'GLfloat'
c:\users\isma_.desktop-ll4fe81\source\repos\lexit\lexit\main.cpp(688): warning C4305: 'argument': truncation from 'double' to 'GLfloat'
c:\users\isma_.desktop-ll4fe81\source\repos\lexit\lexit\main.cpp(689): warning C4305: 'argument': truncation from 'double' to 'GLfloat'
c:\users\isma_.desktop-ll4fe81\source\repos\lexit\lexit\main.cpp(690): warning C4305: 'argument': truncation from 'double' to 'GLfloat'
c:\users\isma_.desktop-ll4fe81\source\repos\lexit\lexit\main.cpp(691): warning C4305: 'argument': truncation from 'double' to 'GLfloat'
c:\users\isma_.desktop-ll4fe81\source\repos\lexit\lexit\main.cpp(697): warning C4305: 'argument': truncation from 'double' to 'GLfloat'
c:\users\isma_.desktop-ll4fe81\source\repos\lexit\lexit\main.cpp(698): warning C4305: 'argument': truncation from 'double' to 'GLfloat'
c:\users\isma_.desktop-ll4fe81\source\repos\lexit\lexit\main.cpp(699): warning C4305: 'argument': truncation from 'double' to 'GLfloat'
c:\users\isma_.desktop-ll4fe81\source\repos\lexit\lexit\main.cpp(700): warning C4305: 'argument': truncation from 'double' to 'GLfloat'
c:\users\isma_.desktop-ll4fe81\source\repos\lexit\lexit\main.cpp(705): warning C4305: 'argument': truncation from 'double' to 'GLfloat'
c:\users\isma_.desktop-ll4fe81\source\repos\lexit\lexit\main.cpp(706): warning C4305: 'argument': truncation from 'double' to 'GLfloat'
c:\users\isma_.desktop-ll4fe81\source\repos\lexit\lexit\main.cpp(707): warning C4305: 'argument': truncation from 'double' to 'GLfloat'
c:\users\isma_.desktop-ll4fe81\source\repos\lexit\lexit\main.cpp(708): warning C4305: 'argument': truncation from 'double' to 'GLfloat'
c:\users\isma_.desktop-ll4fe81\source\repos\lexit\lexit\main.cpp(714): warning C4305: 'argument': truncation from 'double' to 'GLfloat'
c:\users\isma_.desktop-ll4fe81\source\repos\lexit\lexit\main.cpp(715): warning C4305: 'argument': truncation from 'double' to 'GLfloat'
c:\users\isma_.desktop-ll4fe81\source\repos\lexit\lexit\main.cpp(716): warning C4305: 'argument': truncation from 'double' to 'GLfloat'
c:\users\isma_.desktop-ll4fe81\source\repos\lexit\lexit\main.cpp(717): warning C4305: 'argument': truncation from 'double' to 'GLfloat'
c:\users\isma_.desktop-ll4fe81\source\repos\lexit\lexit\main.cpp(725): warning C4305: 'argument': truncation from 'double' to 'GLfloat'
c:\users\isma_.desktop-ll4fe81\source\repos\lexit\lexit\main.cpp(726): warning C4305: 'argument': truncation from 'double' to 'GLfloat'
c:\users\isma_.desktop-ll4fe81\source\repos\lexit\lexit\main.cpp(727): warning C4305: 'argument': truncation from 'double' to 'GLfloat'
c:\users\isma_.desktop-ll4fe81\source\repos\lexit\lexit\main.cpp(734): warning C4305: 'argument': truncation from 'double' to 'GLfloat'
c:\users\isma_.desktop-ll4fe81\source\repos\lexit\lexit\main.cpp(735): warning C4305: 'argument': truncation from 'double' to 'GLfloat'
c:\users\isma_.desktop-ll4fe81\source\repos\lexit\lexit\main.cpp(736): warning C4305: 'argument': truncation from 'double' to 'GLfloat'
c:\users\isma_.desktop-ll4fe81\source\repos\lexit\lexit\main.cpp(737): warning C4305: 'argument': truncation from 'double' to 'GLfloat'
c:\users\isma_.desktop-ll4fe81\source\repos\lexit\lexit\main.cpp(743): warning C4305: 'argument': truncation from 'double' to 'GLfloat'
c:\users\isma_.desktop-ll4fe81\source\repos\lexit\lexit\main.cpp(744): warning C4305: 'argument': truncation from 'double' to 'GLfloat'
c:\users\isma_.desktop-ll4fe81\source\repos\lexit\lexit\main.cpp(745): warning C4305: 'argument': truncation from 'double' to 'GLfloat'
c:\users\isma_.desktop-ll4fe81\source\repos\lexit\lexit\main.cpp(751): warning C4305: 'argument': truncation from 'double' to 'GLfloat'
c:\users\isma_.desktop-ll4fe81\source\repos\lexit\lexit\main.cpp(752): warning C4305: 'argument': truncation from 'double' to 'GLfloat'
c:\users\isma_.desktop-ll4fe81\source\repos\lexit\lexit\main.cpp(753): warning C4305: 'argument': truncation from 'double' to 'GLfloat'
c:\users\isma_.desktop-ll4fe81\source\repos\lexit\lexit\main.cpp(754): warning C4305: 'argument': truncation from 'double' to 'GLfloat'
c:\users\isma_.desktop-ll4fe81\source\repos\lexit\lexit\main.cpp(760): warning C4305: 'argument': truncation from 'double' to 'GLfloat'
c:\users\isma_.desktop-ll4fe81\source\repos\lexit\lexit\main.cpp(761): warning C4305: 'argument': truncation from 'double' to 'GLfloat'
c:\users\isma_.desktop-ll4fe81\source\repos\lexit\lexit\main.cpp(762): warning C4305: 'argument': truncation from 'double' to 'GLfloat'
c:\users\isma_.desktop-ll4fe81\source\repos\lexit\lexit\main.cpp(763): warning C4305: 'argument': truncation from 'double' to 'GLfloat'
c:\users\isma_.desktop-ll4fe81\source\repos\lexit\lexit\main.cpp(770): warning C4305: 'argument': truncation from 'double' to 'GLfloat'
c:\users\isma_.desktop-ll4fe81\source\repos\lexit\lexit\main.cpp(771): warning C4305: 'argument': truncation from 'double' to 'GLfloat'
c:\users\isma_.desktop-ll4fe81\source\repos\lexit\lexit\main.cpp(772): warning C4305: 'argument': truncation from 'double' to 'GLfloat'
c:\users\isma_.desktop-ll4fe81\source\repos\lexit\lexit\main.cpp(773): warning C4305: 'argument': truncation from 'double' to 'GLfloat'
c:\users\isma_.desktop-ll4fe81\source\repos\lexit\lexit\main.cpp(780): warning C4305: 'argument': truncation from 'double' to 'GLfloat'
c:\users\isma_.desktop-ll4fe81\source\repos\lexit\lexit\main.cpp(781): warning C4305: 'argument': truncation from 'double' to 'GLfloat'
c:\users\isma_.desktop-ll4fe81\source\repos\lexit\lexit\main.cpp(782): warning C4305: 'argument': truncation from 'double' to 'GLfloat'
c:\users\isma_.desktop-ll4fe81\source\repos\lexit\lexit\main.cpp(783): warning C4305: 'argument': truncation from 'double' to 'GLfloat'
c:\users\isma_.desktop-ll4fe81\source\repos\lexit\lexit\main.cpp(789): warning C4305: 'argument': truncation from 'double' to 'GLfloat'
c:\users\isma_.desktop-ll4fe81\source\repos\lexit\lexit\main.cpp(790): warning C4305: 'argument': truncation from 'double' to 'GLfloat'
c:\users\isma_.desktop-ll4fe81\source\repos\lexit\lexit\main.cpp(791): warning C4305: 'argument': truncation from 'double' to 'GLfloat'
c:\users\isma_.desktop-ll4fe81\source\repos\lexit\lexit\main.cpp(792): warning C4305: 'argument': truncation from 'double' to 'GLfloat'
c:\users\isma_.desktop-ll4fe81\source\repos\lexit\lexit\main.cpp(797): warning C4305: 'argument': truncation from 'double' to 'GLfloat'
c:\users\isma_.desktop-ll4fe81\source\repos\lexit\lexit\main.cpp(798): warning C4305: 'argument': truncation from 'double' to 'GLfloat'
c:\users\isma_.desktop-ll4fe81\source\repos\lexit\lexit\main.cpp(799): warning C4305: 'argument': truncation from 'double' to 'GLfloat'
c:\users\isma_.desktop-ll4fe81\source\repos\lexit\lexit\main.cpp(800): warning C4305: 'argument': truncation from 'double' to 'GLfloat'
c:\users\isma_.desktop-ll4fe81\source\repos\lexit\lexit\main.cpp(806): warning C4305: 'argument': truncation from 'double' to 'GLfloat'
c:\users\isma_.desktop-ll4fe81\source\repos\lexit\lexit\main.cpp(807): warning C4305: 'argument': truncation from 'double' to 'GLfloat'
c:\users\isma_.desktop-ll4fe81\source\repos\lexit\lexit\main.cpp(808): warning C4305: 'argument': truncation from 'double' to 'GLfloat'
c:\users\isma_.desktop-ll4fe81\source\repos\lexit\lexit\main.cpp(809): warning C4305: 'argument': truncation from 'double' to 'GLfloat'
c:\users\isma_.desktop-ll4fe81\source\repos\lexit\lexit\main.cpp(816): warning C4305: 'argument': truncation from 'double' to 'GLfloat'
c:\users\isma_.desktop-ll4fe81\source\repos\lexit\lexit\main.cpp(817): warning C4305: 'argument': truncation from 'double' to 'GLfloat'
c:\users\isma_.desktop-ll4fe81\source\repos\lexit\lexit\main.cpp(818): warning C4305: 'argument': truncation from 'double' to 'GLfloat'
c:\users\isma_.desktop-ll4fe81\source\repos\lexit\lexit\main.cpp(819): warning C4305: 'argument': truncation from 'double' to 'GLfloat'
c:\users\isma_.desktop-ll4fe81\source\repos\lexit\lexit\main.cpp(826): warning C4305: 'argument': truncation from 'double' to 'GLfloat'
c:\users\isma_.desktop-ll4fe81\source\repos\lexit\lexit\main.cpp(827): warning C4305: 'argument': truncation from 'double' to 'GLfloat'
c:\users\isma_.desktop-ll4fe81\source\repos\lexit\lexit\main.cpp(828): warning C4305: 'argument': truncation from 'double' to 'GLfloat'
c:\users\isma_.desktop-ll4fe81\source\repos\lexit\lexit\main.cpp(829): warning C4305: 'argument': truncation from 'double' to 'GLfloat'
c:\users\isma_.desktop-ll4fe81\source\repos\lexit\lexit\main.cpp(835): warning C4305: 'argument': truncation from 'double' to 'GLfloat'
c:\users\isma_.desktop-ll4fe81\source\repos\lexit\lexit\main.cpp(836): warning C4305: 'argument': truncation from 'double' to 'GLfloat'
c:\users\isma_.desktop-ll4fe81\source\repos\lexit\lexit\main.cpp(837): warning C4305: 'argument': truncation from 'double' to 'GLfloat'
c:\users\isma_.desktop-ll4fe81\source\repos\lexit\lexit\main.cpp(838): warning C4305: 'argument': truncation from 'double' to 'GLfloat'
c:\users\isma_.desktop-ll4fe81\source\repos\lexit\lexit\main.cpp(843): warning C4305: 'argument': truncation from 'double' to 'GLfloat'
c:\users\isma_.desktop-ll4fe81\source\repos\lexit\lexit\main.cpp(844): warning C4305: 'argument': truncation from 'double' to 'GLfloat'
c:\users\isma_.desktop-ll4fe81\source\repos\lexit\lexit\main.cpp(845): warning C4305: 'argument': truncation from 'double' to 'GLfloat'
c:\users\isma_.desktop-ll4fe81\source\repos\lexit\lexit\main.cpp(846): warning C4305: 'argument': truncation from 'double' to 'GLfloat'
c:\users\isma_.desktop-ll4fe81\source\repos\lexit\lexit\main.cpp(852): warning C4305: 'argument': truncation from 'double' to 'GLfloat'
c:\users\isma_.desktop-ll4fe81\source\repos\lexit\lexit\main.cpp(853): warning C4305: 'argument': truncation from 'double' to 'GLfloat'
c:\users\isma_.desktop-ll4fe81\source\repos\lexit\lexit\main.cpp(854): warning C4305: 'argument': truncation from 'double' to 'GLfloat'
c:\users\isma_.desktop-ll4fe81\source\repos\lexit\lexit\main.cpp(855): warning C4305: 'argument': truncation from 'double' to 'GLfloat'
c:\users\isma_.desktop-ll4fe81\source\repos\lexit\lexit\main.cpp(862): warning C4305: 'argument': truncation from 'double' to 'GLfloat'
c:\users\isma_.desktop-ll4fe81\source\repos\lexit\lexit\main.cpp(863): warning C4305: 'argument': truncation from 'double' to 'GLfloat'
c:\users\isma_.desktop-ll4fe81\source\repos\lexit\lexit\main.cpp(864): warning C4305: 'argument': truncation from 'double' to 'GLfloat'
c:\users\isma_.desktop-ll4fe81\source\repos\lexit\lexit\main.cpp(865): warning C4305: 'argument': truncation from 'double' to 'GLfloat'
c:\users\isma_.desktop-ll4fe81\source\repos\lexit\lexit\main.cpp(872): warning C4305: 'argument': truncation from 'double' to 'GLfloat'
c:\users\isma_.desktop-ll4fe81\source\repos\lexit\lexit\main.cpp(873): warning C4305: 'argument': truncation from 'double' to 'GLfloat'
c:\users\isma_.desktop-ll4fe81\source\repos\lexit\lexit\main.cpp(874): warning C4305: 'argument': truncation from 'double' to 'GLfloat'
c:\users\isma_.desktop-ll4fe81\source\repos\lexit\lexit\main.cpp(875): warning C4305: 'argument': truncation from 'double' to 'GLfloat'
c:\users\isma_.desktop-ll4fe81\source\repos\lexit\lexit\main.cpp(881): warning C4305: 'argument': truncation from 'double' to 'GLfloat'
c:\users\isma_.desktop-ll4fe81\source\repos\lexit\lexit\main.cpp(882): warning C4305: 'argument': truncation from 'double' to 'GLfloat'
c:\users\isma_.desktop-ll4fe81\source\repos\lexit\lexit\main.cpp(883): warning C4305: 'argument': truncation from 'double' to 'GLfloat'
c:\users\isma_.desktop-ll4fe81\source\repos\lexit\lexit\main.cpp(884): warning C4305: 'argument': truncation from 'double' to 'GLfloat'
c:\users\isma_.desktop-ll4fe81\source\repos\lexit\lexit\main.cpp(889): warning C4305: 'argument': truncation from 'double' to 'GLfloat'
c:\users\isma_.desktop-ll4fe81\source\repos\lexit\lexit\main.cpp(890): warning C4305: 'argument': truncation from 'double' to 'GLfloat'
c:\users\isma_.desktop-ll4fe81\source\repos\lexit\lexit\main.cpp(891): warning C4305: 'argument': truncation from 'double' to 'GLfloat'
c:\users\isma_.desktop-ll4fe81\source\repos\lexit\lexit\main.cpp(892): warning C4305: 'argument': truncation from 'double' to 'GLfloat'
c:\users\isma_.desktop-ll4fe81\source\repos\lexit\lexit\main.cpp(898): warning C4305: 'argument': truncation from 'double' to 'GLfloat'
c:\users\isma_.desktop-ll4fe81\source\repos\lexit\lexit\main.cpp(899): warning C4305: 'argument': truncation from 'double' to 'GLfloat'
c:\users\isma_.desktop-ll4fe81\source\repos\lexit\lexit\main.cpp(900): warning C4305: 'argument': truncation from 'double' to 'GLfloat'
c:\users\isma_.desktop-ll4fe81\source\repos\lexit\lexit\main.cpp(901): warning C4305: 'argument': truncation from 'double' to 'GLfloat'
c:\users\isma_.desktop-ll4fe81\source\repos\lexit\lexit\main.cpp(908): warning C4305: 'argument': truncation from 'double' to 'GLfloat'
c:\users\isma_.desktop-ll4fe81\source\repos\lexit\lexit\main.cpp(909): warning C4305: 'argument': truncation from 'double' to 'GLfloat'
c:\users\isma_.desktop-ll4fe81\source\repos\lexit\lexit\main.cpp(910): warning C4305: 'argument': truncation from 'double' to 'GLfloat'
c:\users\isma_.desktop-ll4fe81\source\repos\lexit\lexit\main.cpp(911): warning C4305: 'argument': truncation from 'double' to 'GLfloat'
c:\users\isma_.desktop-ll4fe81\source\repos\lexit\lexit\main.cpp(918): warning C4305: 'argument': truncation from 'double' to 'GLfloat'
c:\users\isma_.desktop-ll4fe81\source\repos\lexit\lexit\main.cpp(919): warning C4305: 'argument': truncation from 'double' to 'GLfloat'
c:\users\isma_.desktop-ll4fe81\source\repos\lexit\lexit\main.cpp(920): warning C4305: 'argument': truncation from 'double' to 'GLfloat'
c:\users\isma_.desktop-ll4fe81\source\repos\lexit\lexit\main.cpp(921): warning C4305: 'argument': truncation from 'double' to 'GLfloat'
c:\users\isma_.desktop-ll4fe81\source\repos\lexit\lexit\main.cpp(927): warning C4305: 'argument': truncation from 'double' to 'GLfloat'
c:\users\isma_.desktop-ll4fe81\source\repos\lexit\lexit\main.cpp(928): warning C4305: 'argument': truncation from 'double' to 'GLfloat'
c:\users\isma_.desktop-ll4fe81\source\repos\lexit\lexit\main.cpp(929): warning C4305: 'argument': truncation from 'double' to 'GLfloat'
c:\users\isma_.desktop-ll4fe81\source\repos\lexit\lexit\main.cpp(930): warning C4305: 'argument': truncation from 'double' to 'GLfloat'
c:\users\isma_.desktop-ll4fe81\source\repos\lexit\lexit\main.cpp(935): warning C4305: 'argument': truncation from 'double' to 'GLfloat'
c:\users\isma_.desktop-ll4fe81\source\repos\lexit\lexit\main.cpp(936): warning C4305: 'argument': truncation from 'double' to 'GLfloat'
c:\users\isma_.desktop-ll4fe81\source\repos\lexit\lexit\main.cpp(937): warning C4305: 'argument': truncation from 'double' to 'GLfloat'
c:\users\isma_.desktop-ll4fe81\source\repos\lexit\lexit\main.cpp(938): warning C4305: 'argument': truncation from 'double' to 'GLfloat'
c:\users\isma_.desktop-ll4fe81\source\repos\lexit\lexit\main.cpp(944): warning C4305: 'argument': truncation from 'double' to 'GLfloat'
c:\users\isma_.desktop-ll4fe81\source\repos\lexit\lexit\main.cpp(945): warning C4305: 'argument': truncation from 'double' to 'GLfloat'
c:\users\isma_.desktop-ll4fe81\source\repos\lexit\lexit\main.cpp(946): warning C4305: 'argument': truncation from 'double' to 'GLfloat'
c:\users\isma_.desktop-ll4fe81\source\repos\lexit\lexit\main.cpp(947): warning C4305: 'argument': truncation from 'double' to 'GLfloat'
c:\users\isma_.desktop-ll4fe81\source\repos\lexit\lexit\main.cpp(954): warning C4305: 'argument': truncation from 'double' to 'GLfloat'
c:\users\isma_.desktop-ll4fe81\source\repos\lexit\lexit\main.cpp(955): warning C4305: 'argument': truncation from 'double' to 'GLfloat'
c:\users\isma_.desktop-ll4fe81\source\repos\lexit\lexit\main.cpp(956): warning C4305: 'argument': truncation from 'double' to 'GLfloat'
c:\users\isma_.desktop-ll4fe81\source\repos\lexit\lexit\main.cpp(957): warning C4305: 'argument': truncation from 'double' to 'GLfloat'
c:\users\isma_.desktop-ll4fe81\source\repos\lexit\lexit\main.cpp(964): warning C4305: 'argument': truncation from 'double' to 'GLfloat'
c:\users\isma_.desktop-ll4fe81\source\repos\lexit\lexit\main.cpp(965): warning C4305: 'argument': truncation from 'double' to 'GLfloat'
c:\users\isma_.desktop-ll4fe81\source\repos\lexit\lexit\main.cpp(966): warning C4305: 'argument': truncation from 'double' to 'GLfloat'
c:\users\isma_.desktop-ll4fe81\source\repos\lexit\lexit\main.cpp(973): warning C4305: 'argument': truncation from 'double' to 'GLfloat'
c:\users\isma_.desktop-ll4fe81\source\repos\lexit\lexit\main.cpp(974): warning C4305: 'argument': truncation from 'double' to 'GLfloat'
c:\users\isma_.desktop-ll4fe81\source\repos\lexit\lexit\main.cpp(975): warning C4305: 'argument': truncation from 'double' to 'GLfloat'
c:\users\isma_.desktop-ll4fe81\source\repos\lexit\lexit\main.cpp(976): warning C4305: 'argument': truncation from 'double' to 'GLfloat'
c:\users\isma_.desktop-ll4fe81\source\repos\lexit\lexit\main.cpp(981): warning C4305: 'argument': truncation from 'double' to 'GLfloat'
c:\users\isma_.desktop-ll4fe81\source\repos\lexit\lexit\main.cpp(982): warning C4305: 'argument': truncation from 'double' to 'GLfloat'
c:\users\isma_.desktop-ll4fe81\source\repos\lexit\lexit\main.cpp(983): warning C4305: 'argument': truncation from 'double' to 'GLfloat'
c:\users\isma_.desktop-ll4fe81\source\repos\lexit\lexit\main.cpp(990): warning C4305: 'argument': truncation from 'double' to 'GLfloat'
c:\users\isma_.desktop-ll4fe81\source\repos\lexit\lexit\main.cpp(991): warning C4305: 'argument': truncation from 'double' to 'GLfloat'
c:\users\isma_.desktop-ll4fe81\source\repos\lexit\lexit\main.cpp(992): warning C4305: 'argument': truncation from 'double' to 'GLfloat'
c:\users\isma_.desktop-ll4fe81\source\repos\lexit\lexit\main.cpp(993): warning C4305: 'argument': truncation from 'double' to 'GLfloat'
c:\users\isma_.desktop-ll4fe81\source\repos\lexit\lexit\main.cpp(1000): warning C4305: 'argument': truncation from 'double' to 'GLfloat'
c:\users\isma_.desktop-ll4fe81\source\repos\lexit\lexit\main.cpp(1001): warning C4305: 'argument': truncation from 'double' to 'GLfloat'
c:\users\isma_.desktop-ll4fe81\source\repos\lexit\lexit\main.cpp(1002): warning C4305: 'argument': truncation from 'double' to 'GLfloat'
c:\users\isma_.desktop-ll4fe81\source\repos\lexit\lexit\main.cpp(1003): warning C4305: 'argument': truncation from 'double' to 'GLfloat'
c:\users\isma_.desktop-ll4fe81\source\repos\lexit\lexit\main.cpp(1010): warning C4305: 'argument': truncation from 'double' to 'GLfloat'
c:\users\isma_.desktop-ll4fe81\source\repos\lexit\lexit\main.cpp(1011): warning C4305: 'argument': truncation from 'double' to 'GLfloat'
c:\users\isma_.desktop-ll4fe81\source\repos\lexit\lexit\main.cpp(1012): warning C4305: 'argument': truncation from 'double' to 'GLfloat'
c:\users\isma_.desktop-ll4fe81\source\repos\lexit\lexit\main.cpp(1013): warning C4305: 'argument': truncation from 'double' to 'GLfloat'
c:\users\isma_.desktop-ll4fe81\source\repos\lexit\lexit\main.cpp(1019): warning C4305: 'argument': truncation from 'double' to 'GLfloat'
c:\users\isma_.desktop-ll4fe81\source\repos\lexit\lexit\main.cpp(1020): warning C4305: 'argument': truncation from 'double' to 'GLfloat'
c:\users\isma_.desktop-ll4fe81\source\repos\lexit\lexit\main.cpp(1021): warning C4305: 'argument': truncation from 'double' to 'GLfloat'
c:\users\isma_.desktop-ll4fe81\source\repos\lexit\lexit\main.cpp(1022): warning C4305: 'argument': truncation from 'double' to 'GLfloat'
c:\users\isma_.desktop-ll4fe81\source\repos\lexit\lexit\main.cpp(1027): warning C4305: 'argument': truncation from 'double' to 'GLfloat'
c:\users\isma_.desktop-ll4fe81\source\repos\lexit\lexit\main.cpp(1028): warning C4305: 'argument': truncation from 'double' to 'GLfloat'
c:\users\isma_.desktop-ll4fe81\source\repos\lexit\lexit\main.cpp(1029): warning C4305: 'argument': truncation from 'double' to 'GLfloat'
c:\users\isma_.desktop-ll4fe81\source\repos\lexit\lexit\main.cpp(1030): warning C4305: 'argument': truncation from 'double' to 'GLfloat'
c:\users\isma_.desktop-ll4fe81\source\repos\lexit\lexit\main.cpp(1036): warning C4305: 'argument': truncation from 'double' to 'GLfloat'
c:\users\isma_.desktop-ll4fe81\source\repos\lexit\lexit\main.cpp(1037): warning C4305: 'argument': truncation from 'double' to 'GLfloat'
c:\users\isma_.desktop-ll4fe81\source\repos\lexit\lexit\main.cpp(1038): warning C4305: 'argument': truncation from 'double' to 'GLfloat'
c:\users\isma_.desktop-ll4fe81\source\repos\lexit\lexit\main.cpp(1039): warning C4305: 'argument': truncation from 'double' to 'GLfloat'
c:\users\isma_.desktop-ll4fe81\source\repos\lexit\lexit\main.cpp(1046): warning C4305: 'argument': truncation from 'double' to 'GLfloat'
c:\users\isma_.desktop-ll4fe81\source\repos\lexit\lexit\main.cpp(1047): warning C4305: 'argument': truncation from 'double' to 'GLfloat'
c:\users\isma_.desktop-ll4fe81\source\repos\lexit\lexit\main.cpp(1048): warning C4305: 'argument': truncation from 'double' to 'GLfloat'
c:\users\isma_.desktop-ll4fe81\source\repos\lexit\lexit\main.cpp(1049): warning C4305: 'argument': truncation from 'double' to 'GLfloat'
c:\users\isma_.desktop-ll4fe81\source\repos\lexit\lexit\main.cpp(1056): warning C4305: 'argument': truncation from 'double' to 'GLfloat'
c:\users\isma_.desktop-ll4fe81\source\repos\lexit\lexit\main.cpp(1057): warning C4305: 'argument': truncation from 'double' to 'GLfloat'
c:\users\isma_.desktop-ll4fe81\source\repos\lexit\lexit\main.cpp(1058): warning C4305: 'argument': truncation from 'double' to 'GLfloat'
c:\users\isma_.desktop-ll4fe81\source\repos\lexit\lexit\main.cpp(1059): warning C4305: 'argument': truncation from 'double' to 'GLfloat'
c:\users\isma_.desktop-ll4fe81\source\repos\lexit\lexit\main.cpp(1065): warning C4305: 'argument': truncation from 'double' to 'GLfloat'
c:\users\isma_.desktop-ll4fe81\source\repos\lexit\lexit\main.cpp(1066): warning C4305: 'argument': truncation from 'double' to 'GLfloat'
c:\users\isma_.desktop-ll4fe81\source\repos\lexit\lexit\main.cpp(1067): warning C4305: 'argument': truncation from 'double' to 'GLfloat'
c:\users\isma_.desktop-ll4fe81\source\repos\lexit\lexit\main.cpp(1068): warning C4305: 'argument': truncation from 'double' to 'GLfloat'
c:\users\isma_.desktop-ll4fe81\source\repos\lexit\lexit\main.cpp(1073): warning C4305: 'argument': truncation from 'double' to 'GLfloat'
c:\users\isma_.desktop-ll4fe81\source\repos\lexit\lexit\main.cpp(1074): warning C4305: 'argument': truncation from 'double' to 'GLfloat'
c:\users\isma_.desktop-ll4fe81\source\repos\lexit\lexit\main.cpp(1075): warning C4305: 'argument': truncation from 'double' to 'GLfloat'
c:\users\isma_.desktop-ll4fe81\source\repos\lexit\lexit\main.cpp(1076): warning C4305: 'argument': truncation from 'double' to 'GLfloat'
c:\users\isma_.desktop-ll4fe81\source\repos\lexit\lexit\main.cpp(1082): warning C4305: 'argument': truncation from 'double' to 'GLfloat'
c:\users\isma_.desktop-ll4fe81\source\repos\lexit\lexit\main.cpp(1083): warning C4305: 'argument': truncation from 'double' to 'GLfloat'
c:\users\isma_.desktop-ll4fe81\source\repos\lexit\lexit\main.cpp(1084): warning C4305: 'argument': truncation from 'double' to 'GLfloat'
c:\users\isma_.desktop-ll4fe81\source\repos\lexit\lexit\main.cpp(1085): warning C4305: 'argument': truncation from 'double' to 'GLfloat'
c:\users\isma_.desktop-ll4fe81\source\repos\lexit\lexit\main.cpp(1092): warning C4305: 'argument': truncation from 'double' to 'GLfloat'
c:\users\isma_.desktop-ll4fe81\source\repos\lexit\lexit\main.cpp(1093): warning C4305: 'argument': truncation from 'double' to 'GLfloat'
c:\users\isma_.desktop-ll4fe81\source\repos\lexit\lexit\main.cpp(1094): warning C4305: 'argument': truncation from 'double' to 'GLfloat'
c:\users\isma_.desktop-ll4fe81\source\repos\lexit\lexit\main.cpp(1095): warning C4305: 'argument': truncation from 'double' to 'GLfloat'
c:\users\isma_.desktop-ll4fe81\source\repos\lexit\lexit\main.cpp(1102): warning C4305: 'argument': truncation from 'double' to 'GLfloat'
c:\users\isma_.desktop-ll4fe81\source\repos\lexit\lexit\main.cpp(1103): warning C4305: 'argument': truncation from 'double' to 'GLfloat'
c:\users\isma_.desktop-ll4fe81\source\repos\lexit\lexit\main.cpp(1104): warning C4305: 'argument': truncation from 'double' to 'GLfloat'
c:\users\isma_.desktop-ll4fe81\source\repos\lexit\lexit\main.cpp(1105): warning C4305: 'argument': truncation from 'double' to 'GLfloat'
c:\users\isma_.desktop-ll4fe81\source\repos\lexit\lexit\main.cpp(1111): warning C4305: 'argument': truncation from 'double' to 'GLfloat'
c:\users\isma_.desktop-ll4fe81\source\repos\lexit\lexit\main.cpp(1112): warning C4305: 'argument': truncation from 'double' to 'GLfloat'
c:\users\isma_.desktop-ll4fe81\source\repos\lexit\lexit\main.cpp(1113): warning C4305: 'argument': truncation from 'double' to 'GLfloat'
c:\users\isma_.desktop-ll4fe81\source\repos\lexit\lexit\main.cpp(1114): warning C4305: 'argument': truncation from 'double' to 'GLfloat'
c:\users\isma_.desktop-ll4fe81\source\repos\lexit\lexit\main.cpp(1119): warning C4305: 'argument': truncation from 'double' to 'GLfloat'
c:\users\isma_.desktop-ll4fe81\source\repos\lexit\lexit\main.cpp(1120): warning C4305: 'argument': truncation from 'double' to 'GLfloat'
c:\users\isma_.desktop-ll4fe81\source\repos\lexit\lexit\main.cpp(1121): warning C4305: 'argument': truncation from 'double' to 'GLfloat'
c:\users\isma_.desktop-ll4fe81\source\repos\lexit\lexit\main.cpp(1122): warning C4305: 'argument': truncation from 'double' to 'GLfloat'
c:\users\isma_.desktop-ll4fe81\source\repos\lexit\lexit\main.cpp(1128): warning C4305: 'argument': truncation from 'double' to 'GLfloat'
c:\users\isma_.desktop-ll4fe81\source\repos\lexit\lexit\main.cpp(1129): warning C4305: 'argument': truncation from 'double' to 'GLfloat'
c:\users\isma_.desktop-ll4fe81\source\repos\lexit\lexit\main.cpp(1130): warning C4305: 'argument': truncation from 'double' to 'GLfloat'
c:\users\isma_.desktop-ll4fe81\source\repos\lexit\lexit\main.cpp(1131): warning C4305: 'argument': truncation from 'double' to 'GLfloat'
c:\users\isma_.desktop-ll4fe81\source\repos\lexit\lexit\main.cpp(1135): warning C4244: 'argument': conversion from 'double' to 'GLfloat', possible loss of data
c:\users\isma_.desktop-ll4fe81\source\repos\lexit\lexit\main.cpp(1135): warning C4305: 'argument': truncation from 'double' to 'GLfloat'
  Lexit.vcxproj -> C:\Users\isma_.DESKTOP-LL4FE81\source\repos\Lexit\Debug\Lexit.exe
